15:47:11.616 [main] INFO  org.testng.internal.Utils - [Utils] MethodGroupsHelper.collectMethodsByGroup() took 1 ms.
15:47:11.622 [main] INFO  org.testng.internal.Utils - [Utils] MethodGroupsHelper.sortMethods() took 1 ms.
15:47:11.623 [main] INFO  org.testng.internal.Utils - [Utils] MethodGroupsHelper.collectMethodsByGroup() took 0 ms.
15:47:11.623 [main] INFO  org.testng.internal.Utils - [Utils] MethodGroupsHelper.sortMethods() took 0 ms.
15:47:11.624 [main] INFO  org.testng.internal.Utils - [Utils] MethodGroupsHelper.collectMethodsByGroup() took 0 ms.
15:47:11.624 [main] INFO  org.testng.internal.Utils - [Utils] MethodGroupsHelper.sortMethods() took 0 ms.
15:47:11.624 [main] INFO  org.testng.internal.Utils - [Utils] MethodGroupsHelper.collectMethodsByGroup() took 0 ms.
15:47:11.624 [main] INFO  org.testng.internal.Utils - [Utils] MethodGroupsHelper.sortMethods() took 0 ms.
15:47:11.630 [main] INFO  org.testng.internal.Utils - [Utils] MethodGroupsHelper.collectMethodsByGroup() took 4 ms.
15:47:11.638 [main] INFO  org.testng.internal.Utils - [Utils] MethodGroupsHelper.sortMethods() took 8 ms.
15:47:11.640 [main] INFO  org.testng.internal.Utils - [Utils] MethodGroupsHelper.collectMethodsByGroup() took 0 ms.
15:47:11.641 [main] INFO  org.testng.internal.Utils - [Utils] MethodGroupsHelper.sortMethods() took 0 ms.
15:47:11.642 [main] INFO  org.testng.internal.Utils - [Utils] MethodGroupsHelper.collectMethodsByGroup() took 0 ms.
15:47:11.642 [main] INFO  org.testng.internal.Utils - [Utils] MethodGroupsHelper.sortMethods() took 0 ms.
15:47:11.642 [main] INFO  org.testng.internal.Utils - [Utils] MethodGroupsHelper.collectMethodsByGroup() took 0 ms.
15:47:11.642 [main] INFO  org.testng.internal.Utils - [Utils] MethodGroupsHelper.sortMethods() took 0 ms.
15:47:11.644 [main] INFO  org.testng.internal.Utils - [Utils] MethodGroupsHelper.collectMethodsByGroup() took 0 ms.
15:47:11.644 [main] INFO  org.testng.internal.Utils - [Utils] MethodGroupsHelper.sortMethods() took 0 ms.
15:47:11.645 [main] INFO  org.testng.internal.Utils - [Utils] MethodGroupsHelper.collectMethodsByGroup() took 0 ms.
15:47:11.645 [main] INFO  org.testng.internal.Utils - [Utils] MethodGroupsHelper.sortMethods() took 0 ms.
15:47:11.647 [main] INFO  org.testng.internal.Utils - [Utils] MethodGroupsHelper.collectMethodsByGroup() took 0 ms.
15:47:11.647 [main] INFO  org.testng.internal.Utils - [Utils] MethodGroupsHelper.sortMethods() took 0 ms.
15:47:11.647 [main] INFO  org.testng.internal.Utils - [Utils] MethodGroupsHelper.collectMethodsByGroup() took 0 ms.
15:47:11.647 [main] INFO  org.testng.internal.Utils - [Utils] MethodGroupsHelper.sortMethods() took 0 ms.
15:47:11.648 [main] INFO  org.testng.internal.Utils - [Utils] MethodGroupsHelper.collectMethodsByGroup() took 0 ms.
15:47:11.649 [main] INFO  org.testng.internal.Utils - [Utils] MethodGroupsHelper.sortMethods() took 1 ms.
15:47:11.650 [main] INFO  org.testng.internal.Utils - [Utils] MethodGroupsHelper.collectMethodsByGroup() took 0 ms.
15:47:11.650 [main] INFO  org.testng.internal.Utils - [Utils] MethodGroupsHelper.sortMethods() took 0 ms.
15:47:11.650 [main] INFO  org.testng.internal.Utils - [Utils] MethodGroupsHelper.collectMethodsByGroup() took 0 ms.
15:47:11.650 [main] INFO  org.testng.internal.Utils - [Utils] MethodGroupsHelper.sortMethods() took 0 ms.
15:47:11.656 [main] INFO  org.testng.internal.Utils - [TestNG] Running:
  C:\Users\Srinivasa Rao\AppData\Local\Temp\testng-eclipse-861505491\testng-customsuite.xml

15:47:11.675 [main] INFO  org.testng.internal.Utils - [Utils] DynamicGraphHelper.createDynamicGraph() took 3 ms.
15:47:17.653 [main] INFO  testCases.TC001_AccountRegistration - Script is started
15:47:17.750 [main] INFO  testCases.TC001_AccountRegistration - My account is clicked
15:47:18.166 [main] INFO  testCases.TC001_AccountRegistration - Register button is clicked
15:47:18.297 [main] INFO  testCases.TC001_AccountRegistration - User name is entered
15:47:19.763 [main] INFO  org.testng.internal.Utils - [TestNG] Time taken by org.testng.reporters.jq.Main@7f92b990: 61 ms
15:47:19.765 [main] INFO  org.testng.internal.Utils - [TestNG] Time taken by org.testng.reporters.FailedReporter@31e04b13: 0 ms
15:47:19.771 [main] INFO  org.testng.internal.Utils - [TestNG] Time taken by org.testng.reporters.XMLReporter@7fd69dd: 6 ms
15:47:19.776 [main] INFO  org.testng.internal.Utils - [TestNG] Time taken by org.testng.reporters.EmailableReporter2@537c8c7e: 5 ms
15:47:19.781 [main] INFO  org.testng.internal.Utils - [TestNG] Time taken by org.testng.reporters.JUnitReportReporter@4bafe935: 4 ms
15:47:19.781 [main] INFO  org.testng.internal.Utils - [TestNG] Time taken by org.testng.internal.ExitCodeListener@87b5b49: 0 ms
15:55:06.999 [main] INFO  org.testng.internal.Utils - [Utils] MethodGroupsHelper.collectMethodsByGroup() took 1 ms.
15:55:07.005 [main] INFO  org.testng.internal.Utils - [Utils] MethodGroupsHelper.sortMethods() took 1 ms.
15:55:07.007 [main] INFO  org.testng.internal.Utils - [Utils] MethodGroupsHelper.collectMethodsByGroup() took 0 ms.
15:55:07.007 [main] INFO  org.testng.internal.Utils - [Utils] MethodGroupsHelper.sortMethods() took 0 ms.
15:55:07.008 [main] INFO  org.testng.internal.Utils - [Utils] MethodGroupsHelper.collectMethodsByGroup() took 0 ms.
15:55:07.008 [main] INFO  org.testng.internal.Utils - [Utils] MethodGroupsHelper.sortMethods() took 0 ms.
15:55:07.009 [main] INFO  org.testng.internal.Utils - [Utils] MethodGroupsHelper.collectMethodsByGroup() took 0 ms.
15:55:07.009 [main] INFO  org.testng.internal.Utils - [Utils] MethodGroupsHelper.sortMethods() took 0 ms.
15:55:07.015 [main] INFO  org.testng.internal.Utils - [Utils] MethodGroupsHelper.collectMethodsByGroup() took 3 ms.
15:55:07.024 [main] INFO  org.testng.internal.Utils - [Utils] MethodGroupsHelper.sortMethods() took 9 ms.
15:55:07.025 [main] INFO  org.testng.internal.Utils - [Utils] MethodGroupsHelper.collectMethodsByGroup() took 0 ms.
15:55:07.025 [main] INFO  org.testng.internal.Utils - [Utils] MethodGroupsHelper.sortMethods() took 0 ms.
15:55:07.026 [main] INFO  org.testng.internal.Utils - [Utils] MethodGroupsHelper.collectMethodsByGroup() took 0 ms.
15:55:07.026 [main] INFO  org.testng.internal.Utils - [Utils] MethodGroupsHelper.sortMethods() took 0 ms.
15:55:07.026 [main] INFO  org.testng.internal.Utils - [Utils] MethodGroupsHelper.collectMethodsByGroup() took 0 ms.
15:55:07.026 [main] INFO  org.testng.internal.Utils - [Utils] MethodGroupsHelper.sortMethods() took 0 ms.
15:55:07.028 [main] INFO  org.testng.internal.Utils - [Utils] MethodGroupsHelper.collectMethodsByGroup() took 0 ms.
15:55:07.028 [main] INFO  org.testng.internal.Utils - [Utils] MethodGroupsHelper.sortMethods() took 0 ms.
15:55:07.028 [main] INFO  org.testng.internal.Utils - [Utils] MethodGroupsHelper.collectMethodsByGroup() took 0 ms.
15:55:07.029 [main] INFO  org.testng.internal.Utils - [Utils] MethodGroupsHelper.sortMethods() took 0 ms.
15:55:07.030 [main] INFO  org.testng.internal.Utils - [Utils] MethodGroupsHelper.collectMethodsByGroup() took 0 ms.
15:55:07.030 [main] INFO  org.testng.internal.Utils - [Utils] MethodGroupsHelper.sortMethods() took 0 ms.
15:55:07.030 [main] INFO  org.testng.internal.Utils - [Utils] MethodGroupsHelper.collectMethodsByGroup() took 0 ms.
15:55:07.030 [main] INFO  org.testng.internal.Utils - [Utils] MethodGroupsHelper.sortMethods() took 0 ms.
15:55:07.032 [main] INFO  org.testng.internal.Utils - [Utils] MethodGroupsHelper.collectMethodsByGroup() took 1 ms.
15:55:07.032 [main] INFO  org.testng.internal.Utils - [Utils] MethodGroupsHelper.sortMethods() took 0 ms.
15:55:07.033 [main] INFO  org.testng.internal.Utils - [Utils] MethodGroupsHelper.collectMethodsByGroup() took 0 ms.
15:55:07.033 [main] INFO  org.testng.internal.Utils - [Utils] MethodGroupsHelper.sortMethods() took 0 ms.
15:55:07.033 [main] INFO  org.testng.internal.Utils - [Utils] MethodGroupsHelper.collectMethodsByGroup() took 0 ms.
15:55:07.033 [main] INFO  org.testng.internal.Utils - [Utils] MethodGroupsHelper.sortMethods() took 0 ms.
15:55:07.039 [main] INFO  org.testng.internal.Utils - [TestNG] Running:
  C:\Users\Srinivasa Rao\AppData\Local\Temp\testng-eclipse--97043058\testng-customsuite.xml

15:55:07.051 [main] INFO  org.testng.internal.Utils - [Utils] DynamicGraphHelper.createDynamicGraph() took 2 ms.
15:55:10.366 [main] INFO  testCases.TC001_AccountRegistration - Script is started
15:55:10.465 [main] INFO  testCases.TC001_AccountRegistration - My account is clicked
15:55:10.933 [main] INFO  testCases.TC001_AccountRegistration - Register button is clicked
15:55:11.062 [main] INFO  testCases.TC001_AccountRegistration - User name is entered
15:55:12.647 [main] INFO  org.testng.internal.Utils - [TestNG] Time taken by org.testng.reporters.jq.Main@365a6a43: 49 ms
15:55:12.656 [main] INFO  org.testng.internal.Utils - [TestNG] Time taken by org.testng.reporters.FailedReporter@280d9edc: 9 ms
15:55:12.665 [main] INFO  org.testng.internal.Utils - [TestNG] Time taken by org.testng.reporters.XMLReporter@5d1b9c3d: 9 ms
15:55:12.673 [main] INFO  org.testng.internal.Utils - [TestNG] Time taken by org.testng.reporters.EmailableReporter2@174e1b69: 6 ms
15:55:12.679 [main] INFO  org.testng.internal.Utils - [TestNG] Time taken by org.testng.reporters.JUnitReportReporter@19b047fe: 6 ms
15:55:12.679 [main] INFO  org.testng.internal.Utils - [TestNG] Time taken by org.testng.internal.ExitCodeListener@22590e3e: 0 ms
15:56:29.327 [main] INFO  org.testng.internal.Utils - [Utils] MethodGroupsHelper.collectMethodsByGroup() took 0 ms.
15:56:29.334 [main] INFO  org.testng.internal.Utils - [Utils] MethodGroupsHelper.sortMethods() took 1 ms.
15:56:29.335 [main] INFO  org.testng.internal.Utils - [Utils] MethodGroupsHelper.collectMethodsByGroup() took 0 ms.
15:56:29.335 [main] INFO  org.testng.internal.Utils - [Utils] MethodGroupsHelper.sortMethods() took 0 ms.
15:56:29.336 [main] INFO  org.testng.internal.Utils - [Utils] MethodGroupsHelper.collectMethodsByGroup() took 0 ms.
15:56:29.336 [main] INFO  org.testng.internal.Utils - [Utils] MethodGroupsHelper.sortMethods() took 0 ms.
15:56:29.337 [main] INFO  org.testng.internal.Utils - [Utils] MethodGroupsHelper.collectMethodsByGroup() took 0 ms.
15:56:29.337 [main] INFO  org.testng.internal.Utils - [Utils] MethodGroupsHelper.sortMethods() took 0 ms.
15:56:29.343 [main] INFO  org.testng.internal.Utils - [Utils] MethodGroupsHelper.collectMethodsByGroup() took 3 ms.
15:56:29.355 [main] INFO  org.testng.internal.Utils - [Utils] MethodGroupsHelper.sortMethods() took 10 ms.
15:56:29.356 [main] INFO  org.testng.internal.Utils - [Utils] MethodGroupsHelper.collectMethodsByGroup() took 0 ms.
15:56:29.356 [main] INFO  org.testng.internal.Utils - [Utils] MethodGroupsHelper.sortMethods() took 0 ms.
15:56:29.357 [main] INFO  org.testng.internal.Utils - [Utils] MethodGroupsHelper.collectMethodsByGroup() took 0 ms.
15:56:29.357 [main] INFO  org.testng.internal.Utils - [Utils] MethodGroupsHelper.sortMethods() took 0 ms.
15:56:29.357 [main] INFO  org.testng.internal.Utils - [Utils] MethodGroupsHelper.collectMethodsByGroup() took 0 ms.
15:56:29.357 [main] INFO  org.testng.internal.Utils - [Utils] MethodGroupsHelper.sortMethods() took 0 ms.
15:56:29.359 [main] INFO  org.testng.internal.Utils - [Utils] MethodGroupsHelper.collectMethodsByGroup() took 0 ms.
15:56:29.359 [main] INFO  org.testng.internal.Utils - [Utils] MethodGroupsHelper.sortMethods() took 0 ms.
15:56:29.359 [main] INFO  org.testng.internal.Utils - [Utils] MethodGroupsHelper.collectMethodsByGroup() took 0 ms.
15:56:29.359 [main] INFO  org.testng.internal.Utils - [Utils] MethodGroupsHelper.sortMethods() took 0 ms.
15:56:29.361 [main] INFO  org.testng.internal.Utils - [Utils] MethodGroupsHelper.collectMethodsByGroup() took 0 ms.
15:56:29.361 [main] INFO  org.testng.internal.Utils - [Utils] MethodGroupsHelper.sortMethods() took 0 ms.
15:56:29.361 [main] INFO  org.testng.internal.Utils - [Utils] MethodGroupsHelper.collectMethodsByGroup() took 0 ms.
15:56:29.361 [main] INFO  org.testng.internal.Utils - [Utils] MethodGroupsHelper.sortMethods() took 0 ms.
15:56:29.362 [main] INFO  org.testng.internal.Utils - [Utils] MethodGroupsHelper.collectMethodsByGroup() took 0 ms.
15:56:29.362 [main] INFO  org.testng.internal.Utils - [Utils] MethodGroupsHelper.sortMethods() took 0 ms.
15:56:29.364 [main] INFO  org.testng.internal.Utils - [Utils] MethodGroupsHelper.collectMethodsByGroup() took 0 ms.
15:56:29.364 [main] INFO  org.testng.internal.Utils - [Utils] MethodGroupsHelper.sortMethods() took 0 ms.
15:56:29.364 [main] INFO  org.testng.internal.Utils - [Utils] MethodGroupsHelper.collectMethodsByGroup() took 0 ms.
15:56:29.364 [main] INFO  org.testng.internal.Utils - [Utils] MethodGroupsHelper.sortMethods() took 0 ms.
15:56:29.370 [main] INFO  org.testng.internal.Utils - [TestNG] Running:
  C:\Users\Srinivasa Rao\AppData\Local\Temp\testng-eclipse-325166048\testng-customsuite.xml

15:56:29.384 [main] INFO  org.testng.internal.Utils - [Utils] DynamicGraphHelper.createDynamicGraph() took 2 ms.
15:56:32.432 [main] INFO  testCases.TC001_AccountRegistration - Script is started
15:56:32.588 [main] INFO  testCases.TC001_AccountRegistration - My account is clicked
15:56:33.148 [main] INFO  testCases.TC001_AccountRegistration - Register button is clicked
15:56:33.285 [main] INFO  testCases.TC001_AccountRegistration - User name is entered
15:56:34.748 [main] INFO  org.testng.internal.Utils - [TestNG] Time taken by org.testng.reporters.jq.Main@23940f86: 38 ms
15:56:34.749 [main] INFO  org.testng.internal.Utils - [TestNG] Time taken by org.testng.reporters.FailedReporter@66153688: 1 ms
15:56:34.753 [main] INFO  org.testng.internal.Utils - [TestNG] Time taken by org.testng.reporters.XMLReporter@3730ab42: 4 ms
15:56:34.758 [main] INFO  org.testng.internal.Utils - [TestNG] Time taken by org.testng.reporters.EmailableReporter2@35342d2f: 4 ms
15:56:34.761 [main] INFO  org.testng.internal.Utils - [TestNG] Time taken by org.testng.reporters.JUnitReportReporter@2b917fb0: 3 ms
15:56:34.761 [main] INFO  org.testng.internal.Utils - [TestNG] Time taken by org.testng.internal.ExitCodeListener@5e5073ab: 0 ms
15:59:19.092 [main] INFO  org.testng.internal.Utils - [Utils] MethodGroupsHelper.collectMethodsByGroup() took 1 ms.
15:59:19.097 [main] INFO  org.testng.internal.Utils - [Utils] MethodGroupsHelper.sortMethods() took 1 ms.
15:59:19.099 [main] INFO  org.testng.internal.Utils - [Utils] MethodGroupsHelper.collectMethodsByGroup() took 0 ms.
15:59:19.099 [main] INFO  org.testng.internal.Utils - [Utils] MethodGroupsHelper.sortMethods() took 0 ms.
15:59:19.100 [main] INFO  org.testng.internal.Utils - [Utils] MethodGroupsHelper.collectMethodsByGroup() took 0 ms.
15:59:19.100 [main] INFO  org.testng.internal.Utils - [Utils] MethodGroupsHelper.sortMethods() took 0 ms.
15:59:19.100 [main] INFO  org.testng.internal.Utils - [Utils] MethodGroupsHelper.collectMethodsByGroup() took 0 ms.
15:59:19.100 [main] INFO  org.testng.internal.Utils - [Utils] MethodGroupsHelper.sortMethods() took 0 ms.
15:59:19.105 [main] INFO  org.testng.internal.Utils - [Utils] MethodGroupsHelper.collectMethodsByGroup() took 4 ms.
15:59:19.116 [main] INFO  org.testng.internal.Utils - [Utils] MethodGroupsHelper.sortMethods() took 10 ms.
15:59:19.117 [main] INFO  org.testng.internal.Utils - [Utils] MethodGroupsHelper.collectMethodsByGroup() took 0 ms.
15:59:19.117 [main] INFO  org.testng.internal.Utils - [Utils] MethodGroupsHelper.sortMethods() took 0 ms.
15:59:19.117 [main] INFO  org.testng.internal.Utils - [Utils] MethodGroupsHelper.collectMethodsByGroup() took 0 ms.
15:59:19.119 [main] INFO  org.testng.internal.Utils - [Utils] MethodGroupsHelper.sortMethods() took 0 ms.
15:59:19.119 [main] INFO  org.testng.internal.Utils - [Utils] MethodGroupsHelper.collectMethodsByGroup() took 0 ms.
15:59:19.119 [main] INFO  org.testng.internal.Utils - [Utils] MethodGroupsHelper.sortMethods() took 0 ms.
15:59:19.120 [main] INFO  org.testng.internal.Utils - [Utils] MethodGroupsHelper.collectMethodsByGroup() took 0 ms.
15:59:19.120 [main] INFO  org.testng.internal.Utils - [Utils] MethodGroupsHelper.sortMethods() took 0 ms.
15:59:19.120 [main] INFO  org.testng.internal.Utils - [Utils] MethodGroupsHelper.collectMethodsByGroup() took 0 ms.
15:59:19.120 [main] INFO  org.testng.internal.Utils - [Utils] MethodGroupsHelper.sortMethods() took 0 ms.
15:59:19.124 [main] INFO  org.testng.internal.Utils - [Utils] MethodGroupsHelper.collectMethodsByGroup() took 0 ms.
15:59:19.124 [main] INFO  org.testng.internal.Utils - [Utils] MethodGroupsHelper.sortMethods() took 0 ms.
15:59:19.124 [main] INFO  org.testng.internal.Utils - [Utils] MethodGroupsHelper.collectMethodsByGroup() took 0 ms.
15:59:19.124 [main] INFO  org.testng.internal.Utils - [Utils] MethodGroupsHelper.sortMethods() took 0 ms.
15:59:19.124 [main] INFO  org.testng.internal.Utils - [Utils] MethodGroupsHelper.collectMethodsByGroup() took 0 ms.
15:59:19.125 [main] INFO  org.testng.internal.Utils - [Utils] MethodGroupsHelper.sortMethods() took 0 ms.
15:59:19.126 [main] INFO  org.testng.internal.Utils - [Utils] MethodGroupsHelper.collectMethodsByGroup() took 0 ms.
15:59:19.126 [main] INFO  org.testng.internal.Utils - [Utils] MethodGroupsHelper.sortMethods() took 0 ms.
15:59:19.126 [main] INFO  org.testng.internal.Utils - [Utils] MethodGroupsHelper.collectMethodsByGroup() took 0 ms.
15:59:19.126 [main] INFO  org.testng.internal.Utils - [Utils] MethodGroupsHelper.sortMethods() took 0 ms.
15:59:19.132 [main] INFO  org.testng.internal.Utils - [TestNG] Running:
  C:\Users\Srinivasa Rao\AppData\Local\Temp\testng-eclipse-281902316\testng-customsuite.xml

15:59:19.148 [main] INFO  org.testng.internal.Utils - [Utils] DynamicGraphHelper.createDynamicGraph() took 3 ms.
15:59:22.099 [main] INFO  testCases.TC001_AccountRegistration - Script is started
15:59:22.192 [main] INFO  testCases.TC001_AccountRegistration - My account is clicked
15:59:22.609 [main] INFO  testCases.TC001_AccountRegistration - Register button is clicked
15:59:22.736 [main] INFO  testCases.TC001_AccountRegistration - User name is entered
15:59:24.096 [main] INFO  testCases.TC001_AccountRegistration - Script end to end is complted
15:59:24.193 [main] INFO  org.testng.internal.Utils - [TestNG] Time taken by org.testng.reporters.jq.Main@23940f86: 48 ms
15:59:24.193 [main] INFO  org.testng.internal.Utils - [TestNG] Time taken by org.testng.reporters.FailedReporter@66153688: 0 ms
15:59:24.200 [main] INFO  org.testng.internal.Utils - [TestNG] Time taken by org.testng.reporters.XMLReporter@3730ab42: 7 ms
15:59:24.206 [main] INFO  org.testng.internal.Utils - [TestNG] Time taken by org.testng.reporters.EmailableReporter2@35342d2f: 6 ms
15:59:24.211 [main] INFO  org.testng.internal.Utils - [TestNG] Time taken by org.testng.reporters.JUnitReportReporter@2b917fb0: 5 ms
15:59:24.211 [main] INFO  org.testng.internal.Utils - [TestNG] Time taken by org.testng.internal.ExitCodeListener@5e5073ab: 0 ms
16:06:19.154 [main] INFO  org.testng.internal.Utils - [Utils] MethodGroupsHelper.collectMethodsByGroup() took 1 ms.
16:06:19.160 [main] INFO  org.testng.internal.Utils - [Utils] MethodGroupsHelper.sortMethods() took 1 ms.
16:06:19.162 [main] INFO  org.testng.internal.Utils - [Utils] MethodGroupsHelper.collectMethodsByGroup() took 0 ms.
16:06:19.162 [main] INFO  org.testng.internal.Utils - [Utils] MethodGroupsHelper.sortMethods() took 0 ms.
16:06:19.162 [main] INFO  org.testng.internal.Utils - [Utils] MethodGroupsHelper.collectMethodsByGroup() took 0 ms.
16:06:19.162 [main] INFO  org.testng.internal.Utils - [Utils] MethodGroupsHelper.sortMethods() took 0 ms.
16:06:19.164 [main] INFO  org.testng.internal.Utils - [Utils] MethodGroupsHelper.collectMethodsByGroup() took 0 ms.
16:06:19.164 [main] INFO  org.testng.internal.Utils - [Utils] MethodGroupsHelper.sortMethods() took 0 ms.
16:06:19.168 [main] INFO  org.testng.internal.Utils - [Utils] MethodGroupsHelper.collectMethodsByGroup() took 3 ms.
16:06:19.177 [main] INFO  org.testng.internal.Utils - [Utils] MethodGroupsHelper.sortMethods() took 9 ms.
16:06:19.179 [main] INFO  org.testng.internal.Utils - [Utils] MethodGroupsHelper.collectMethodsByGroup() took 0 ms.
16:06:19.179 [main] INFO  org.testng.internal.Utils - [Utils] MethodGroupsHelper.sortMethods() took 0 ms.
16:06:19.180 [main] INFO  org.testng.internal.Utils - [Utils] MethodGroupsHelper.collectMethodsByGroup() took 0 ms.
16:06:19.180 [main] INFO  org.testng.internal.Utils - [Utils] MethodGroupsHelper.sortMethods() took 0 ms.
16:06:19.180 [main] INFO  org.testng.internal.Utils - [Utils] MethodGroupsHelper.collectMethodsByGroup() took 0 ms.
16:06:19.180 [main] INFO  org.testng.internal.Utils - [Utils] MethodGroupsHelper.sortMethods() took 0 ms.
16:06:19.181 [main] INFO  org.testng.internal.Utils - [Utils] MethodGroupsHelper.collectMethodsByGroup() took 0 ms.
16:06:19.181 [main] INFO  org.testng.internal.Utils - [Utils] MethodGroupsHelper.sortMethods() took 0 ms.
16:06:19.182 [main] INFO  org.testng.internal.Utils - [Utils] MethodGroupsHelper.collectMethodsByGroup() took 0 ms.
16:06:19.182 [main] INFO  org.testng.internal.Utils - [Utils] MethodGroupsHelper.sortMethods() took 0 ms.
16:06:19.183 [main] INFO  org.testng.internal.Utils - [Utils] MethodGroupsHelper.collectMethodsByGroup() took 0 ms.
16:06:19.183 [main] INFO  org.testng.internal.Utils - [Utils] MethodGroupsHelper.sortMethods() took 0 ms.
16:06:19.183 [main] INFO  org.testng.internal.Utils - [Utils] MethodGroupsHelper.collectMethodsByGroup() took 0 ms.
16:06:19.183 [main] INFO  org.testng.internal.Utils - [Utils] MethodGroupsHelper.sortMethods() took 0 ms.
16:06:19.184 [main] INFO  org.testng.internal.Utils - [Utils] MethodGroupsHelper.collectMethodsByGroup() took 0 ms.
16:06:19.185 [main] INFO  org.testng.internal.Utils - [Utils] MethodGroupsHelper.sortMethods() took 1 ms.
16:06:19.186 [main] INFO  org.testng.internal.Utils - [Utils] MethodGroupsHelper.collectMethodsByGroup() took 0 ms.
16:06:19.186 [main] INFO  org.testng.internal.Utils - [Utils] MethodGroupsHelper.sortMethods() took 0 ms.
16:06:19.186 [main] INFO  org.testng.internal.Utils - [Utils] MethodGroupsHelper.collectMethodsByGroup() took 0 ms.
16:06:19.186 [main] INFO  org.testng.internal.Utils - [Utils] MethodGroupsHelper.sortMethods() took 0 ms.
16:06:19.192 [main] INFO  org.testng.internal.Utils - [TestNG] Running:
  C:\Users\Srinivasa Rao\AppData\Local\Temp\testng-eclipse--503191756\testng-customsuite.xml

16:06:19.207 [main] INFO  org.testng.internal.Utils - [Utils] DynamicGraphHelper.createDynamicGraph() took 3 ms.
16:06:24.606 [main] INFO  testCases.TC001_AccountRegistration - Script is started
16:06:24.725 [main] INFO  testCases.TC001_AccountRegistration - My account is clicked
16:06:25.425 [main] INFO  testCases.TC001_AccountRegistration - Register button is clicked
16:06:25.539 [main] INFO  testCases.TC001_AccountRegistration - User name is entered
16:06:27.405 [main] INFO  org.testng.internal.Utils - [TestNG] Time taken by org.testng.reporters.jq.Main@100c567f: 104 ms
16:06:27.425 [main] INFO  org.testng.internal.Utils - [TestNG] Time taken by org.testng.reporters.FailedReporter@69e05f61: 20 ms
16:06:27.440 [main] INFO  org.testng.internal.Utils - [TestNG] Time taken by org.testng.reporters.XMLReporter@c3177d5: 15 ms
16:06:27.457 [main] INFO  org.testng.internal.Utils - [TestNG] Time taken by org.testng.reporters.EmailableReporter2@771d1ffb: 15 ms
16:06:27.470 [main] INFO  org.testng.internal.Utils - [TestNG] Time taken by org.testng.reporters.JUnitReportReporter@7dff6d05: 13 ms
16:06:27.471 [main] INFO  org.testng.internal.Utils - [TestNG] Time taken by org.testng.internal.ExitCodeListener@45d64d27: 0 ms
16:10:03.546 [main] DEBUG org.testng.TestNG - suiteXmlPath: "C:\Users\SRINIV~1\AppData\Local\Temp\testng-eclipse-1289523580\testng-customsuite.xml"
16:10:03.747 [main] INFO  org.testng.internal.Utils - [Utils] MethodGroupsHelper.collectMethodsByGroup() took 0 ms.
16:10:03.749 [main] INFO  org.testng.internal.Utils - [Utils] MethodGroupsHelper.sortMethods() took 0 ms.
16:10:03.750 [main] INFO  org.testng.internal.Utils - [Utils] MethodGroupsHelper.collectMethodsByGroup() took 0 ms.
16:10:03.750 [main] INFO  org.testng.internal.Utils - [Utils] MethodGroupsHelper.sortMethods() took 0 ms.
16:10:03.750 [main] INFO  org.testng.internal.Utils - [Utils] MethodGroupsHelper.collectMethodsByGroup() took 0 ms.
16:10:03.751 [main] INFO  org.testng.internal.Utils - [Utils] MethodGroupsHelper.sortMethods() took 0 ms.
16:10:03.751 [main] INFO  org.testng.internal.Utils - [Utils] MethodGroupsHelper.collectMethodsByGroup() took 0 ms.
16:10:03.751 [main] INFO  org.testng.internal.Utils - [Utils] MethodGroupsHelper.sortMethods() took 0 ms.
16:10:03.756 [main] INFO  org.testng.internal.Utils - [Utils] MethodGroupsHelper.collectMethodsByGroup() took 4 ms.
16:10:03.765 [main] INFO  org.testng.internal.Utils - [Utils] MethodGroupsHelper.sortMethods() took 8 ms.
16:10:03.766 [main] INFO  org.testng.internal.Utils - [Utils] MethodGroupsHelper.collectMethodsByGroup() took 0 ms.
16:10:03.766 [main] INFO  org.testng.internal.Utils - [Utils] MethodGroupsHelper.sortMethods() took 0 ms.
16:10:03.767 [main] INFO  org.testng.internal.Utils - [Utils] MethodGroupsHelper.collectMethodsByGroup() took 0 ms.
16:10:03.767 [main] INFO  org.testng.internal.Utils - [Utils] MethodGroupsHelper.sortMethods() took 0 ms.
16:10:03.767 [main] INFO  org.testng.internal.Utils - [Utils] MethodGroupsHelper.collectMethodsByGroup() took 0 ms.
16:10:03.767 [main] INFO  org.testng.internal.Utils - [Utils] MethodGroupsHelper.sortMethods() took 0 ms.
16:10:03.768 [main] INFO  org.testng.internal.Utils - [Utils] MethodGroupsHelper.collectMethodsByGroup() took 0 ms.
16:10:03.769 [main] INFO  org.testng.internal.Utils - [Utils] MethodGroupsHelper.sortMethods() took 0 ms.
16:10:03.769 [main] INFO  org.testng.internal.Utils - [Utils] MethodGroupsHelper.collectMethodsByGroup() took 0 ms.
16:10:03.769 [main] INFO  org.testng.internal.Utils - [Utils] MethodGroupsHelper.sortMethods() took 0 ms.
16:10:03.772 [main] INFO  org.testng.internal.Utils - [Utils] MethodGroupsHelper.collectMethodsByGroup() took 0 ms.
16:10:03.772 [main] INFO  org.testng.internal.Utils - [Utils] MethodGroupsHelper.sortMethods() took 0 ms.
16:10:03.772 [main] INFO  org.testng.internal.Utils - [Utils] MethodGroupsHelper.collectMethodsByGroup() took 0 ms.
16:10:03.772 [main] INFO  org.testng.internal.Utils - [Utils] MethodGroupsHelper.sortMethods() took 0 ms.
16:10:03.773 [main] INFO  org.testng.internal.Utils - [Utils] MethodGroupsHelper.collectMethodsByGroup() took 0 ms.
16:10:03.773 [main] INFO  org.testng.internal.Utils - [Utils] MethodGroupsHelper.sortMethods() took 0 ms.
16:10:03.774 [main] INFO  org.testng.internal.Utils - [Utils] MethodGroupsHelper.collectMethodsByGroup() took 0 ms.
16:10:03.775 [main] INFO  org.testng.internal.Utils - [Utils] MethodGroupsHelper.sortMethods() took 0 ms.
16:10:03.775 [main] INFO  org.testng.internal.Utils - [Utils] MethodGroupsHelper.collectMethodsByGroup() took 0 ms.
16:10:03.775 [main] INFO  org.testng.internal.Utils - [Utils] MethodGroupsHelper.sortMethods() took 0 ms.
16:10:03.782 [main] INFO  org.testng.internal.Utils - [TestNG] Running:
  C:\Users\Srinivasa Rao\AppData\Local\Temp\testng-eclipse-1289523580\testng-customsuite.xml

16:10:03.794 [main] INFO  org.testng.internal.Utils - [Utils] DynamicGraphHelper.createDynamicGraph() took 3 ms.
16:10:06.827 [main] INFO  testCases.TC001_AccountRegistration - Script is started
16:10:06.924 [main] INFO  testCases.TC001_AccountRegistration - My account is clicked
16:10:07.357 [main] INFO  testCases.TC001_AccountRegistration - Register button is clicked
16:10:07.495 [main] INFO  testCases.TC001_AccountRegistration - User name is entered
16:10:08.765 [main] INFO  testCases.TC001_AccountRegistration - validating expected messgae
16:10:08.890 [main] INFO  org.testng.internal.Utils - [TestNG] Time taken by org.testng.reporters.jq.Main@3c4262d1: 52 ms
16:10:08.898 [main] INFO  org.testng.internal.Utils - [TestNG] Time taken by org.testng.reporters.FailedReporter@5d1b9c3d: 8 ms
16:10:08.906 [main] INFO  org.testng.internal.Utils - [TestNG] Time taken by org.testng.reporters.XMLReporter@7063686f: 8 ms
16:10:08.912 [main] INFO  org.testng.internal.Utils - [TestNG] Time taken by org.testng.reporters.EmailableReporter2@48cd9a2c: 6 ms
16:10:08.920 [main] INFO  org.testng.internal.Utils - [TestNG] Time taken by org.testng.reporters.JUnitReportReporter@7e1f584d: 7 ms
16:10:08.920 [main] INFO  org.testng.internal.Utils - [TestNG] Time taken by org.testng.internal.ExitCodeListener@7dff6d05: 0 ms
16:38:55.110 [main] INFO  org.testng.internal.Utils - [TestNG] Running:
  C:\Users\Srinivasa Rao\eclipse-workspace\OpenCartV121\Master.xml

16:39:04.459 [main] INFO  testCases.TC001_AccountRegistration - Script is started
16:39:04.773 [main] INFO  testCases.TC001_AccountRegistration - My account is clicked
16:39:05.752 [main] INFO  testCases.TC001_AccountRegistration - Register button is clicked
16:39:06.359 [main] INFO  testCases.TC001_AccountRegistration - User name is entered
16:39:09.320 [main] INFO  testCases.TC001_AccountRegistration - validating expected messgae
16:41:25.584 [main] INFO  org.testng.internal.Utils - [Utils] MethodGroupsHelper.collectMethodsByGroup() took 0 ms.
16:41:25.589 [main] INFO  org.testng.internal.Utils - [Utils] MethodGroupsHelper.sortMethods() took 1 ms.
16:41:25.591 [main] INFO  org.testng.internal.Utils - [Utils] MethodGroupsHelper.collectMethodsByGroup() took 0 ms.
16:41:25.591 [main] INFO  org.testng.internal.Utils - [Utils] MethodGroupsHelper.sortMethods() took 0 ms.
16:41:25.592 [main] INFO  org.testng.internal.Utils - [Utils] MethodGroupsHelper.collectMethodsByGroup() took 0 ms.
16:41:25.592 [main] INFO  org.testng.internal.Utils - [Utils] MethodGroupsHelper.sortMethods() took 0 ms.
16:41:25.593 [main] INFO  org.testng.internal.Utils - [Utils] MethodGroupsHelper.collectMethodsByGroup() took 0 ms.
16:41:25.593 [main] INFO  org.testng.internal.Utils - [Utils] MethodGroupsHelper.sortMethods() took 0 ms.
16:41:25.599 [main] INFO  org.testng.internal.Utils - [Utils] MethodGroupsHelper.collectMethodsByGroup() took 4 ms.
16:41:25.610 [main] INFO  org.testng.internal.Utils - [Utils] MethodGroupsHelper.sortMethods() took 11 ms.
16:41:25.612 [main] INFO  org.testng.internal.Utils - [Utils] MethodGroupsHelper.collectMethodsByGroup() took 0 ms.
16:41:25.612 [main] INFO  org.testng.internal.Utils - [Utils] MethodGroupsHelper.sortMethods() took 0 ms.
16:41:25.613 [main] INFO  org.testng.internal.Utils - [Utils] MethodGroupsHelper.collectMethodsByGroup() took 0 ms.
16:41:25.613 [main] INFO  org.testng.internal.Utils - [Utils] MethodGroupsHelper.sortMethods() took 0 ms.
16:41:25.613 [main] INFO  org.testng.internal.Utils - [Utils] MethodGroupsHelper.collectMethodsByGroup() took 0 ms.
16:41:25.613 [main] INFO  org.testng.internal.Utils - [Utils] MethodGroupsHelper.sortMethods() took 0 ms.
16:41:25.615 [main] INFO  org.testng.internal.Utils - [Utils] MethodGroupsHelper.collectMethodsByGroup() took 0 ms.
16:41:25.616 [main] INFO  org.testng.internal.Utils - [Utils] MethodGroupsHelper.sortMethods() took 0 ms.
16:41:25.616 [main] INFO  org.testng.internal.Utils - [Utils] MethodGroupsHelper.collectMethodsByGroup() took 0 ms.
16:41:25.616 [main] INFO  org.testng.internal.Utils - [Utils] MethodGroupsHelper.sortMethods() took 0 ms.
16:41:25.621 [main] INFO  org.testng.internal.Utils - [Utils] MethodGroupsHelper.collectMethodsByGroup() took 0 ms.
16:41:25.621 [main] INFO  org.testng.internal.Utils - [Utils] MethodGroupsHelper.sortMethods() took 0 ms.
16:41:25.621 [main] INFO  org.testng.internal.Utils - [Utils] MethodGroupsHelper.collectMethodsByGroup() took 0 ms.
16:41:25.621 [main] INFO  org.testng.internal.Utils - [Utils] MethodGroupsHelper.sortMethods() took 0 ms.
16:41:25.622 [main] INFO  org.testng.internal.Utils - [Utils] MethodGroupsHelper.collectMethodsByGroup() took 0 ms.
16:41:25.623 [main] INFO  org.testng.internal.Utils - [Utils] MethodGroupsHelper.sortMethods() took 1 ms.
16:41:25.625 [main] INFO  org.testng.internal.Utils - [Utils] MethodGroupsHelper.collectMethodsByGroup() took 0 ms.
16:41:25.625 [main] INFO  org.testng.internal.Utils - [Utils] MethodGroupsHelper.sortMethods() took 0 ms.
16:41:25.625 [main] INFO  org.testng.internal.Utils - [Utils] MethodGroupsHelper.collectMethodsByGroup() took 0 ms.
16:41:25.625 [main] INFO  org.testng.internal.Utils - [Utils] MethodGroupsHelper.sortMethods() took 0 ms.
16:41:25.632 [main] INFO  org.testng.internal.Utils - [TestNG] Running:
  C:\Users\Srinivasa Rao\AppData\Local\Temp\testng-eclipse-1093334457\testng-customsuite.xml

16:41:25.649 [main] INFO  org.testng.internal.Utils - [Utils] DynamicGraphHelper.createDynamicGraph() took 3 ms.
16:41:25.812 [main] INFO  org.testng.internal.Utils - [TestNG] Time taken by org.testng.reporters.jq.Main@3f19b8b3: 64 ms
16:41:25.825 [main] INFO  org.testng.internal.Utils - [TestNG] Time taken by org.testng.reporters.FailedReporter@cf65451: 13 ms
16:41:25.836 [main] INFO  org.testng.internal.Utils - [TestNG] Time taken by org.testng.reporters.XMLReporter@30ed9c6c: 9 ms
16:41:25.844 [main] INFO  org.testng.internal.Utils - [TestNG] Time taken by org.testng.reporters.EmailableReporter2@2f2bf0e2: 8 ms
16:41:25.852 [main] INFO  org.testng.internal.Utils - [TestNG] Time taken by org.testng.reporters.JUnitReportReporter@363f6148: 7 ms
16:41:25.852 [main] INFO  org.testng.internal.Utils - [TestNG] Time taken by org.testng.internal.ExitCodeListener@4b21844c: 0 ms
16:41:50.757 [main] INFO  org.testng.internal.Utils - [TestNG] Running:
  C:\Users\Srinivasa Rao\eclipse-workspace\OpenCartV121\Master.xml

16:41:53.432 [main] INFO  testCases.TC001_AccountRegistration - Script is started
16:41:53.520 [main] INFO  testCases.TC001_AccountRegistration - My account is clicked
16:41:53.988 [main] INFO  testCases.TC001_AccountRegistration - Register button is clicked
16:41:54.084 [main] INFO  testCases.TC001_AccountRegistration - User name is entered
16:41:55.293 [main] INFO  testCases.TC001_AccountRegistration - validating expected messgae
16:41:55.293 [main] INFO  testCases.TC001_AccountRegistration - Script end to end is complted
16:47:17.547 [main] INFO  org.testng.internal.Utils - [TestNG] Running:
  C:\Users\Srinivasa Rao\eclipse-workspace\OpenCartV121\crossbrowsertesting.xml

16:47:22.110 [main] INFO  testCases.TC001_AccountRegistration - Script is started
16:47:22.229 [main] INFO  testCases.TC001_AccountRegistration - My account is clicked
16:47:22.600 [main] INFO  testCases.TC001_AccountRegistration - Register button is clicked
16:47:22.708 [main] INFO  testCases.TC001_AccountRegistration - User name is entered
16:47:23.978 [main] INFO  testCases.TC001_AccountRegistration - validating expected messgae
16:47:23.978 [main] INFO  testCases.TC001_AccountRegistration - Script end to end is complted
16:47:26.059 [main] INFO  testCases.TC001_AccountRegistration - Script is started
16:47:26.149 [main] INFO  testCases.TC001_AccountRegistration - My account is clicked
16:47:26.669 [main] INFO  testCases.TC001_AccountRegistration - Register button is clicked
16:47:26.763 [main] INFO  testCases.TC001_AccountRegistration - User name is entered
16:47:28.013 [main] INFO  testCases.TC001_AccountRegistration - validating expected messgae
16:47:28.013 [main] INFO  testCases.TC001_AccountRegistration - Script end to end is complted
16:48:01.015 [main] INFO  org.testng.internal.Utils - [TestNG] Running:
  C:\Users\Srinivasa Rao\eclipse-workspace\OpenCartV121\crossbrowsertesting.xml

16:48:03.772 [main] INFO  testCases.TC001_AccountRegistration - Script is started
16:48:03.857 [main] INFO  testCases.TC001_AccountRegistration - My account is clicked
16:48:04.211 [main] INFO  testCases.TC001_AccountRegistration - Register button is clicked
16:48:04.303 [main] INFO  testCases.TC001_AccountRegistration - User name is entered
16:48:05.481 [main] INFO  testCases.TC001_AccountRegistration - validating expected messgae
16:48:05.481 [main] INFO  testCases.TC001_AccountRegistration - Script end to end is complted
16:48:11.359 [main] INFO  testCases.TC001_AccountRegistration - Script is started
16:48:11.451 [main] INFO  testCases.TC001_AccountRegistration - My account is clicked
16:48:11.901 [main] INFO  testCases.TC001_AccountRegistration - Register button is clicked
16:48:11.986 [main] INFO  testCases.TC001_AccountRegistration - User name is entered
16:48:13.319 [main] INFO  testCases.TC001_AccountRegistration - validating expected messgae
16:48:13.319 [main] INFO  testCases.TC001_AccountRegistration - Script end to end is complted
16:50:28.125 [main] INFO  org.testng.internal.Utils - [TestNG] Running:
  C:\Users\Srinivasa Rao\eclipse-workspace\OpenCartV121\crossbrowsertesting.xml

16:50:30.896 [TestNG-tests-1] INFO  testCases.TC001_AccountRegistration - Script is started
16:50:31.405 [TestNG-tests-1] INFO  testCases.TC001_AccountRegistration - My account is clicked
16:50:31.961 [TestNG-tests-1] INFO  testCases.TC001_AccountRegistration - Register button is clicked
16:50:32.063 [TestNG-tests-1] INFO  testCases.TC001_AccountRegistration - User name is entered
16:50:32.694 [TestNG-tests-2] INFO  testCases.TC001_AccountRegistration - Script is started
16:50:32.928 [TestNG-tests-2] INFO  testCases.TC001_AccountRegistration - My account is clicked
16:50:33.725 [TestNG-tests-1] INFO  testCases.TC001_AccountRegistration - validating expected messgae
16:50:33.725 [TestNG-tests-1] INFO  testCases.TC001_AccountRegistration - Script end to end is complted
16:50:33.761 [TestNG-tests-2] INFO  testCases.TC001_AccountRegistration - Register button is clicked
16:50:33.877 [TestNG-tests-2] INFO  testCases.TC001_AccountRegistration - User name is entered
16:50:35.119 [TestNG-tests-2] INFO  testCases.TC001_AccountRegistration - validating expected messgae
16:50:35.119 [TestNG-tests-2] INFO  testCases.TC001_AccountRegistration - Script end to end is complted
17:15:46.473 [main] INFO  org.testng.internal.Utils - [TestNG] Running:
  C:\Users\Srinivasa Rao\eclipse-workspace\OpenCartV121\Master.xml

17:16:09.808 [main] INFO  org.testng.internal.Utils - [TestNG] Running:
  C:\Users\Srinivasa Rao\eclipse-workspace\OpenCartV121\Master.xml

17:18:38.022 [main] INFO  org.testng.internal.Utils - [TestNG] Running:
  C:\Users\Srinivasa Rao\eclipse-workspace\OpenCartV121\Master.xml

17:18:41.643 [main] INFO  testCases.TC001_AccountRegistration - Script is started
17:18:41.748 [main] INFO  testCases.TC001_AccountRegistration - My account is clicked
17:18:42.246 [main] INFO  testCases.TC001_AccountRegistration - Register button is clicked
17:18:42.378 [main] INFO  testCases.TC001_AccountRegistration - User name is entered
17:18:43.682 [main] INFO  testCases.TC001_AccountRegistration - validating expected messgae
17:18:43.682 [main] INFO  testCases.TC001_AccountRegistration - Script end to end is complted
20:22:34.364 [main] INFO  org.testng.internal.Utils - [TestNG] Running:
  C:\Users\Srinivasa Rao\eclipse-workspace\OpenCartV121\Master.xml

20:22:38.912 [main] INFO  testCases.TC001_AccountRegistration - Script is started
20:22:39.044 [main] INFO  testCases.TC001_AccountRegistration - My account is clicked
20:22:39.367 [main] INFO  testCases.TC001_AccountRegistration - Register button is clicked
20:22:40.772 [main] INFO  testCases.TC001_AccountRegistration - validating expected messgae
20:22:40.772 [main] INFO  testCases.TC001_AccountRegistration - Script end to end is complted
21:06:37.622 [main] INFO  org.testng.internal.Utils - [TestNG] Running:
  C:\Users\Srinivasa Rao\eclipse-workspace\OpenCartV121\Master.xml

21:06:55.656 [main] INFO  org.testng.internal.Utils - [TestNG] Running:
  C:\Users\Srinivasa Rao\eclipse-workspace\OpenCartV121\Master.xml

21:08:17.920 [main] INFO  org.testng.internal.Utils - [TestNG] Running:
  C:\Users\Srinivasa Rao\eclipse-workspace\OpenCartV121\Master.xml

21:12:15.593 [main] INFO  org.testng.internal.Utils - [TestNG] Running:
  C:\Users\Srinivasa Rao\eclipse-workspace\OpenCartV121\Master.xml

21:15:47.022 [main] INFO  org.testng.internal.Utils - [TestNG] Running:
  C:\Users\Srinivasa Rao\eclipse-workspace\OpenCartV121\Master.xml

21:17:38.328 [main] INFO  org.testng.internal.Utils - [TestNG] Running:
  C:\Users\Srinivasa Rao\eclipse-workspace\OpenCartV121\Master.xml

21:26:52.881 [main] INFO  org.testng.internal.Utils - [TestNG] Running:
  C:\Users\Srinivasa Rao\eclipse-workspace\OpenCartV121\Master.xml

21:27:39.318 [main] INFO  org.testng.internal.Utils - [TestNG] Running:
  C:\Users\Srinivasa Rao\eclipse-workspace\OpenCartV121\Master.xml

21:27:43.036 [main] INFO  testCases.TC002_LoginPage - *****Test case is started
21:27:44.334 [main] INFO  testCases.TC002_LoginPage - **********Finshed the Loginpage test case*******
11:09:15.629 [main] INFO  org.testng.internal.Utils - [TestNG] Running:
  C:\Users\Srinivasa Rao\eclipse-workspace\OpenCartV121\Master.xml

11:09:19.669 [main] INFO  testCases.TC001_AccountRegistration - Script is started
11:09:19.785 [main] INFO  testCases.TC001_AccountRegistration - My account is clicked
11:09:20.094 [main] INFO  testCases.TC001_AccountRegistration - Register button is clicked
11:09:31.340 [main] INFO  testCases.TC001_AccountRegistration - error logs
11:09:31.340 [main] INFO  testCases.TC001_AccountRegistration - Script end to end is complted
11:09:33.685 [main] INFO  testCases.TC002_LoginPage - *****Test case is started
11:09:35.013 [main] INFO  testCases.TC002_LoginPage - **********Finshed the Loginpage test case*******
11:16:08.544 [main] INFO  org.testng.internal.Utils - [TestNG] Running:
  C:\Users\Srinivasa Rao\eclipse-workspace\OpenCartV121\testng.xml

11:16:55.550 [main] INFO  org.testng.internal.Utils - [TestNG] Running:
  C:\Users\Srinivasa Rao\eclipse-workspace\OpenCartV121\testng.xml

11:18:43.288 [main] INFO  org.testng.internal.Utils - [TestNG] Running:
  C:\Users\Srinivasa Rao\eclipse-workspace\OpenCartV121\testng.xml

11:21:02.554 [main] INFO  org.testng.internal.Utils - [TestNG] Running:
  C:\Users\Srinivasa Rao\eclipse-workspace\OpenCartV121\Grouping.xml

11:23:13.605 [main] INFO  org.testng.internal.Utils - [TestNG] Running:
  C:\Users\Srinivasa Rao\eclipse-workspace\OpenCartV121\Grouping.xml

11:26:49.180 [main] INFO  org.testng.internal.Utils - [TestNG] Running:
  C:\Users\Srinivasa Rao\eclipse-workspace\OpenCartV121\Master.xml

11:26:52.589 [main] INFO  testCases.TC001_AccountRegistration - Script is started
11:26:52.709 [main] INFO  testCases.TC001_AccountRegistration - My account is clicked
11:26:53.044 [main] INFO  testCases.TC001_AccountRegistration - Register button is clicked
11:27:04.316 [main] INFO  testCases.TC001_AccountRegistration - error logs
11:27:04.316 [main] INFO  testCases.TC001_AccountRegistration - Script end to end is complted
11:27:07.834 [main] INFO  testCases.TC002_LoginPage - *****Test case is started
11:27:09.215 [main] INFO  testCases.TC002_LoginPage - **********Finshed the Loginpage test case*******
11:27:34.414 [main] INFO  org.testng.internal.Utils - [TestNG] Running:
  C:\Users\Srinivasa Rao\eclipse-workspace\OpenCartV121\Grouping.xml

11:28:53.079 [main] INFO  org.testng.internal.Utils - [TestNG] Running:
  C:\Users\Srinivasa Rao\eclipse-workspace\OpenCartV121\Grouping.xml

11:30:24.870 [main] INFO  org.testng.internal.Utils - [TestNG] Running:
  C:\Users\Srinivasa Rao\eclipse-workspace\OpenCartV121\Grouping.xml

11:30:27.094 [main] INFO  testCases.TC001_AccountRegistration - Script is started
11:30:27.184 [main] INFO  testCases.TC001_AccountRegistration - My account is clicked
11:30:27.556 [main] INFO  testCases.TC001_AccountRegistration - Register button is clicked
11:30:38.718 [main] INFO  testCases.TC001_AccountRegistration - error logs
11:30:38.721 [main] INFO  testCases.TC001_AccountRegistration - Script end to end is complted
11:30:40.570 [main] INFO  testCases.TC002_LoginPage - *****Test case is started
11:30:41.839 [main] INFO  testCases.TC002_LoginPage - **********Finshed the Loginpage test case*******
09:45:20.587 [main] INFO  testCases.TC001_AccountRegistration - Script is started
09:45:20.736 [main] INFO  testCases.TC001_AccountRegistration - My account is clicked
09:45:21.057 [main] INFO  testCases.TC001_AccountRegistration - Register button is clicked
09:45:32.057 [main] INFO  testCases.TC001_AccountRegistration - error logs
09:45:32.057 [main] INFO  testCases.TC001_AccountRegistration - Script end to end is complted
09:45:34.424 [main] INFO  testCases.TC002_LoginPage - *****Test case is started
09:45:35.692 [main] INFO  testCases.TC002_LoginPage - **********Finshed the Loginpage test case*******
